Performance Statistics   2013-03-06 10:01:00 - 2013-03-06 10:02:00
Tag                                                  Avg(ms)         Min         Max     Std Dev       Count

Performance Statistics   2013-03-06 10:02:00 - 2013-03-06 10:03:00
Tag                                                  Avg(ms)         Min         Max     Std Dev       Count

Performance Statistics   2013-03-06 11:13:00 - 2013-03-06 11:14:00
Tag                                                  Avg(ms)         Min         Max     Std Dev       Count

Performance Statistics   2013-03-06 11:14:00 - 2013-03-06 11:15:00
Tag                                                  Avg(ms)         Min         Max     Std Dev       Count

Performance Statistics   2013-03-06 11:15:00 - 2013-03-06 11:16:00
Tag                                                  Avg(ms)         Min         Max     Std Dev       Count

Performance Statistics   2013-03-06 11:17:00 - 2013-03-06 11:18:00
Tag                                                  Avg(ms)         Min         Max     Std Dev       Count

Performance Statistics   2013-03-06 11:19:00 - 2013-03-06 11:20:00
Tag                                                  Avg(ms)         Min         Max     Std Dev       Count

Performance Statistics   2013-03-06 14:05:00 - 2013-03-06 14:06:00
Tag                                                  Avg(ms)         Min         Max     Std Dev       Count
AUTHENTICATE                                            63.0          63          63         0.0           1
CREATE_TICKET_GRANTING_TICKET                           71.0          71          71         0.0           1

Performance Statistics   2013-03-06 14:24:00 - 2013-03-06 14:25:00
Tag                                                  Avg(ms)         Min         Max     Std Dev       Count
DESTROY_TICKET_GRANTING_TICKET                           7.0           7           7         0.0           1

Performance Statistics   2013-03-06 14:25:00 - 2013-03-06 14:26:00
Tag                                                  Avg(ms)         Min         Max     Std Dev       Count
AUTHENTICATE                                            33.0          33          33         0.0           1
CREATE_TICKET_GRANTING_TICKET                           43.0          43          43         0.0           1

Performance Statistics   2013-03-06 16:00:00 - 2013-03-06 16:01:00
Tag                                                  Avg(ms)         Min         Max     Std Dev       Count
DESTROY_TICKET_GRANTING_TICKET                           5.0           5           5         0.0           1

